2025-11-27T10:22:19.080Z - JSON saved: C:\Users\1275\Desktop\AYA-JOURNEY\project\data\form_1764238939075.json
2025-11-27T10:22:19.518Z - type=default - attempt=1 - status=404
2025-11-27T10:22:19.581Z - type=default - attempt=2 - status=404
2025-11-27T10:22:19.582Z - sendToApi unexpected error: ENOENT: no such file or directory, rename 'C:\Users\1275\Desktop\AYA-JOURNEY\project\data\form_1764238939582.json' -> 'C:\Users\1275\Desktop\AYA-JOURNEY\project\data\failed\form_1764238939582.json'
2025-11-27T10:23:29.970Z - JSON saved: C:\Users\1275\Desktop\AYA-JOURNEY\project\data\form_1764239009963.json
2025-11-27T10:23:30.114Z - type=default - attempt=1 - status=404
2025-11-27T10:23:30.175Z - type=default - attempt=2 - status=404
2025-11-27T10:23:30.176Z - sendToApi unexpected error: ENOENT: no such file or directory, rename 'C:\Users\1275\Desktop\AYA-JOURNEY\project\data\form_1764239010176.json' -> 'C:\Users\1275\Desktop\AYA-JOURNEY\project\data\failed\form_1764239010176.json'
2025-11-27T10:23:58.041Z - JSON saved: C:\Users\1275\Desktop\AYA-JOURNEY\project\data\form_1764239038034.json
2025-11-27T10:23:58.161Z - type=undefined - attempt=1 - status=404
2025-11-27T10:23:58.236Z - type=undefined - attempt=2 - status=404
2025-11-27T10:23:58.237Z - sendToApi unexpected error: ENOENT: no such file or directory, rename 'C:\Users\1275\Desktop\AYA-JOURNEY\project\data\form_1764239038237.json' -> 'C:\Users\1275\Desktop\AYA-JOURNEY\project\data\failed\form_1764239038237.json'
2025-11-27T10:24:11.358Z - JSON saved: C:\Users\1275\Desktop\AYA-JOURNEY\project\data\form_1764239051344.json
2025-11-27T10:24:11.499Z - type=default - attempt=1 - status=404
2025-11-27T10:24:11.570Z - type=default - attempt=2 - status=404
2025-11-27T10:24:11.570Z - sendToApi unexpected error: ENOENT: no such file or directory, rename 'C:\Users\1275\Desktop\AYA-JOURNEY\project\data\form_1764239051570.json' -> 'C:\Users\1275\Desktop\AYA-JOURNEY\project\data\failed\form_1764239051570.json'
2025-11-27T10:27:11.141Z - JSON saved: C:\Users\1275\Desktop\AYA-JOURNEY\project\data\form_1764239231136.json
2025-11-27T10:29:40.472Z - type=canada - attempt=1 - success
2025-11-27T10:32:09.004Z - JSON saved: C:\Users\1275\Desktop\AYA-JOURNEY\project\data\form_1764239528995.json
2025-11-27T10:34:19.018Z - type=canada - attempt=1 - success
2025-11-27T11:43:47.044Z - JSON saved: C:\Users\1275\Desktop\AYA-JOURNEY\project\data\form_1764243827033.json
2025-11-27T11:46:19.999Z - type=canada - attempt=1 - success
